[2025-01-29 09:55:18,146: INFO: main: >>>>>>>>>> Data Ingestion Stage - Started <<<<<<<<<<]
[2025-01-29 09:55:18,148: INFO: common: YAML file loaded successfully: config/config.yaml]
[2025-01-29 09:55:18,149: INFO: common: YAML file loaded successfully: params.yaml]
[2025-01-29 09:55:18,149: INFO: common: Directory created successfully: artifacts]
[2025-01-29 09:55:18,149: INFO: common: Directory created successfully: artifacts/data_ingestion]
[2025-01-29 09:55:18,171: INFO: credentials: Found credentials in shared credentials file: ~/.aws/credentials]
[2025-01-29 09:55:18,298: INFO: data_ingestion: Source URL: <class 'str'>, value: s3://myflydatasetbucket/data.zip]
[2025-01-29 09:55:18,298: INFO: data_ingestion: Downloading file from s3 bucket: myflydatasetbucket, object_key: data.zip]
[2025-01-29 09:55:18,930: INFO: httpchecksum: Skipping checksum validation. Response did not contain one of the following algorithms: ['crc64nvme', 'crc32c', 'crc32', 'sha1', 'sha256'].]
[2025-01-29 09:55:19,004: INFO: httpchecksum: Skipping checksum validation. Response did not contain one of the following algorithms: ['crc64nvme', 'crc32c', 'crc32', 'sha1', 'sha256'].]
[2025-01-29 09:55:19,032: INFO: httpchecksum: Skipping checksum validation. Response did not contain one of the following algorithms: ['crc64nvme', 'crc32c', 'crc32', 'sha1', 'sha256'].]
[2025-01-29 09:55:19,075: INFO: httpchecksum: Skipping checksum validation. Response did not contain one of the following algorithms: ['crc64nvme', 'crc32c', 'crc32', 'sha1', 'sha256'].]
[2025-01-29 09:55:19,087: INFO: httpchecksum: Skipping checksum validation. Response did not contain one of the following algorithms: ['crc64nvme', 'crc32c', 'crc32', 'sha1', 'sha256'].]
[2025-01-29 09:55:19,104: INFO: httpchecksum: Skipping checksum validation. Response did not contain one of the following algorithms: ['crc64nvme', 'crc32c', 'crc32', 'sha1', 'sha256'].]
[2025-01-29 09:55:19,105: INFO: httpchecksum: Skipping checksum validation. Response did not contain one of the following algorithms: ['crc64nvme', 'crc32c', 'crc32', 'sha1', 'sha256'].]
[2025-01-29 09:55:19,111: INFO: httpchecksum: Skipping checksum validation. Response did not contain one of the following algorithms: ['crc64nvme', 'crc32c', 'crc32', 'sha1', 'sha256'].]
[2025-01-29 09:55:19,131: INFO: httpchecksum: Skipping checksum validation. Response did not contain one of the following algorithms: ['crc64nvme', 'crc32c', 'crc32', 'sha1', 'sha256'].]
[2025-01-29 09:55:19,131: INFO: httpchecksum: Skipping checksum validation. Response did not contain one of the following algorithms: ['crc64nvme', 'crc32c', 'crc32', 'sha1', 'sha256'].]
[2025-01-29 09:55:20,621: INFO: httpchecksum: Skipping checksum validation. Response did not contain one of the following algorithms: ['crc64nvme', 'crc32c', 'crc32', 'sha1', 'sha256'].]
[2025-01-29 09:55:20,734: INFO: httpchecksum: Skipping checksum validation. Response did not contain one of the following algorithms: ['crc64nvme', 'crc32c', 'crc32', 'sha1', 'sha256'].]
[2025-01-29 09:55:20,858: INFO: httpchecksum: Skipping checksum validation. Response did not contain one of the following algorithms: ['crc64nvme', 'crc32c', 'crc32', 'sha1', 'sha256'].]
[2025-01-29 09:55:20,925: INFO: httpchecksum: Skipping checksum validation. Response did not contain one of the following algorithms: ['crc64nvme', 'crc32c', 'crc32', 'sha1', 'sha256'].]
[2025-01-29 09:55:21,049: INFO: httpchecksum: Skipping checksum validation. Response did not contain one of the following algorithms: ['crc64nvme', 'crc32c', 'crc32', 'sha1', 'sha256'].]
[2025-01-29 09:55:21,251: INFO: httpchecksum: Skipping checksum validation. Response did not contain one of the following algorithms: ['crc64nvme', 'crc32c', 'crc32', 'sha1', 'sha256'].]
[2025-01-29 09:55:21,415: INFO: httpchecksum: Skipping checksum validation. Response did not contain one of the following algorithms: ['crc64nvme', 'crc32c', 'crc32', 'sha1', 'sha256'].]
[2025-01-29 09:55:21,536: INFO: httpchecksum: Skipping checksum validation. Response did not contain one of the following algorithms: ['crc64nvme', 'crc32c', 'crc32', 'sha1', 'sha256'].]
[2025-01-29 09:55:21,873: INFO: httpchecksum: Skipping checksum validation. Response did not contain one of the following algorithms: ['crc64nvme', 'crc32c', 'crc32', 'sha1', 'sha256'].]
[2025-01-29 09:55:22,018: INFO: httpchecksum: Skipping checksum validation. Response did not contain one of the following algorithms: ['crc64nvme', 'crc32c', 'crc32', 'sha1', 'sha256'].]
[2025-01-29 09:55:22,181: INFO: httpchecksum: Skipping checksum validation. Response did not contain one of the following algorithms: ['crc64nvme', 'crc32c', 'crc32', 'sha1', 'sha256'].]
[2025-01-29 09:55:22,310: INFO: httpchecksum: Skipping checksum validation. Response did not contain one of the following algorithms: ['crc64nvme', 'crc32c', 'crc32', 'sha1', 'sha256'].]
[2025-01-29 09:55:22,386: INFO: httpchecksum: Skipping checksum validation. Response did not contain one of the following algorithms: ['crc64nvme', 'crc32c', 'crc32', 'sha1', 'sha256'].]
[2025-01-29 09:55:22,981: INFO: httpchecksum: Skipping checksum validation. Response did not contain one of the following algorithms: ['crc64nvme', 'crc32c', 'crc32', 'sha1', 'sha256'].]
[2025-01-29 09:55:23,160: INFO: httpchecksum: Skipping checksum validation. Response did not contain one of the following algorithms: ['crc64nvme', 'crc32c', 'crc32', 'sha1', 'sha256'].]
[2025-01-29 09:55:23,289: INFO: httpchecksum: Skipping checksum validation. Response did not contain one of the following algorithms: ['crc64nvme', 'crc32c', 'crc32', 'sha1', 'sha256'].]
[2025-01-29 09:55:23,328: INFO: httpchecksum: Skipping checksum validation. Response did not contain one of the following algorithms: ['crc64nvme', 'crc32c', 'crc32', 'sha1', 'sha256'].]
[2025-01-29 09:55:23,608: INFO: httpchecksum: Skipping checksum validation. Response did not contain one of the following algorithms: ['crc64nvme', 'crc32c', 'crc32', 'sha1', 'sha256'].]
[2025-01-29 09:55:23,687: INFO: httpchecksum: Skipping checksum validation. Response did not contain one of the following algorithms: ['crc64nvme', 'crc32c', 'crc32', 'sha1', 'sha256'].]
[2025-01-29 09:55:30,751: INFO: data_ingestion: File downloaded at: artifacts/data_ingestion/data.zip]
[2025-01-29 09:55:33,707: INFO: main: >>>>>>>>>> Data Ingestion Stage - Completed <<<<<<<<<<]
[2025-01-29 09:55:33,708: INFO: main: >>>>>>>>>> Prepare Base Model Stage - Started <<<<<<<<<<]
[2025-01-29 09:55:33,709: INFO: common: YAML file loaded successfully: config/config.yaml]
[2025-01-29 09:55:33,710: INFO: common: YAML file loaded successfully: params.yaml]
[2025-01-29 09:55:33,710: INFO: common: Directory created successfully: artifacts]
[2025-01-29 09:55:33,711: INFO: common: Directory created successfully: artifacts/prepare_base_model]
[2025-01-29 09:55:33,925: WARNING: saving_api: You are saving your model as an HDF5 file via `model.save()` or `keras.saving.save_model(model)`. This file format is considered legacy. We recommend using instead the native Keras format, e.g. `model.save('my_model.keras')` or `keras.saving.save_model(model, 'my_model.keras')`. ]
[2025-01-29 09:55:33,995: WARNING: saving_api: You are saving your model as an HDF5 file via `model.save()` or `keras.saving.save_model(model)`. This file format is considered legacy. We recommend using instead the native Keras format, e.g. `model.save('my_model.keras')` or `keras.saving.save_model(model, 'my_model.keras')`. ]
[2025-01-29 09:55:34,073: INFO: main: >>>>>>>>>> Prepare Base Model Stage - Completed <<<<<<<<<<]
[2025-01-29 10:21:09,237: INFO: common: YAML file loaded successfully: config/config.yaml]
[2025-01-29 10:21:09,239: INFO: common: YAML file loaded successfully: params.yaml]
[2025-01-29 10:21:09,240: INFO: common: Directory created successfully: artifacts]
[2025-01-29 10:21:09,241: INFO: common: Directory created successfully: artifacts/prepare_callbacks/checkpoint_dir]
[2025-01-29 10:21:09,241: INFO: common: Directory created successfully: artifacts/prepare_callbacks/tensorboard_log_dir]
[2025-01-29 10:58:26,486: INFO: common: YAML file loaded successfully: config/config.yaml]
[2025-01-29 10:58:26,490: INFO: common: YAML file loaded successfully: params.yaml]
[2025-01-29 10:58:26,491: INFO: common: Directory created successfully: artifacts]
[2025-01-29 10:58:26,492: INFO: common: Directory created successfully: artifacts/prepare_callbacks/checkpoint_dir]
[2025-01-29 10:58:26,493: INFO: common: Directory created successfully: artifacts/prepare_callbacks/tensorboard_log_dir]
[2025-01-29 11:02:18,403: INFO: common: YAML file loaded successfully: config/config.yaml]
[2025-01-29 11:02:18,405: INFO: common: YAML file loaded successfully: params.yaml]
[2025-01-29 11:02:18,406: INFO: common: Directory created successfully: artifacts]
[2025-01-29 11:02:18,406: INFO: common: Directory created successfully: artifacts/prepare_callbacks/checkpoint_dir]
[2025-01-29 11:02:18,407: INFO: common: Directory created successfully: artifacts/prepare_callbacks/tensorboard_log_dir]
[2025-01-29 12:20:02,662: INFO: common: YAML file loaded successfully: config/config.yaml]
[2025-01-29 12:20:02,665: INFO: common: YAML file loaded successfully: params.yaml]
[2025-01-29 12:20:02,666: INFO: common: Directory created successfully: artifacts]
[2025-01-29 12:20:02,667: INFO: common: Directory created successfully: artifacts/prepare_callbacks/checkpoint_dir]
[2025-01-29 12:20:02,667: INFO: common: Directory created successfully: artifacts/prepare_callbacks/tensorboard_log_dir]
[2025-01-29 12:20:43,898: INFO: common: YAML file loaded successfully: config/config.yaml]
[2025-01-29 12:20:43,899: INFO: common: YAML file loaded successfully: params.yaml]
[2025-01-29 12:20:43,900: INFO: common: Directory created successfully: artifacts]
[2025-01-29 12:20:43,900: INFO: common: Directory created successfully: artifacts/prepare_callbacks/checkpoint_dir]
[2025-01-29 12:20:43,901: INFO: common: Directory created successfully: artifacts/prepare_callbacks/tensorboard_log_dir]
[2025-01-29 12:27:57,740: INFO: common: YAML file loaded successfully: config/config.yaml]
[2025-01-29 12:27:57,741: INFO: common: YAML file loaded successfully: params.yaml]
[2025-01-29 12:27:57,742: INFO: common: Directory created successfully: artifacts]
[2025-01-29 12:27:57,742: INFO: common: Directory created successfully: artifacts/prepare_callbacks/checkpoint_dir]
[2025-01-29 12:27:57,743: INFO: common: Directory created successfully: artifacts/prepare_callbacks/tensorboard_log_dir]
[2025-01-29 12:27:57,743: INFO: common: Directory created successfully: artifacts/training]
[2025-01-29 12:30:45,067: INFO: common: YAML file loaded successfully: config/config.yaml]
[2025-01-29 12:30:45,069: INFO: common: YAML file loaded successfully: params.yaml]
[2025-01-29 12:30:45,069: INFO: common: Directory created successfully: artifacts]
[2025-01-29 12:30:45,070: INFO: common: Directory created successfully: artifacts/prepare_callbacks/checkpoint_dir]
[2025-01-29 12:30:45,070: INFO: common: Directory created successfully: artifacts/prepare_callbacks/tensorboard_log_dir]
[2025-01-29 12:30:45,071: INFO: common: Directory created successfully: artifacts/training]
[2025-01-29 12:31:39,180: INFO: common: YAML file loaded successfully: config/config.yaml]
[2025-01-29 12:31:39,182: INFO: common: YAML file loaded successfully: params.yaml]
[2025-01-29 12:31:39,183: INFO: common: Directory created successfully: artifacts]
[2025-01-29 12:31:39,183: INFO: common: Directory created successfully: artifacts/prepare_callbacks/checkpoint_dir]
[2025-01-29 12:31:39,183: INFO: common: Directory created successfully: artifacts/prepare_callbacks/tensorboard_log_dir]
[2025-01-29 12:31:39,184: INFO: common: Directory created successfully: artifacts/training]
[2025-01-29 12:31:39,342: WARNING: saving_utils: Compiled the loaded model, but the compiled metrics have yet to be built. `model.compile_metrics` will be empty until you train or evaluate the model.]
[2025-01-29 12:34:35,115: INFO: common: YAML file loaded successfully: config/config.yaml]
[2025-01-29 12:34:35,117: INFO: common: YAML file loaded successfully: params.yaml]
[2025-01-29 12:34:35,117: INFO: common: Directory created successfully: artifacts]
[2025-01-29 12:34:35,118: INFO: common: Directory created successfully: artifacts/prepare_callbacks/checkpoint_dir]
[2025-01-29 12:34:35,118: INFO: common: Directory created successfully: artifacts/prepare_callbacks/tensorboard_log_dir]
[2025-01-29 12:34:35,119: INFO: common: Directory created successfully: artifacts/training]
[2025-01-29 12:34:35,254: WARNING: saving_utils: Compiled the loaded model, but the compiled metrics have yet to be built. `model.compile_metrics` will be empty until you train or evaluate the model.]
[2025-01-29 12:38:08,599: INFO: common: YAML file loaded successfully: config/config.yaml]
[2025-01-29 12:38:08,601: INFO: common: YAML file loaded successfully: params.yaml]
[2025-01-29 12:38:08,602: INFO: common: Directory created successfully: artifacts]
[2025-01-29 12:38:08,603: INFO: common: Directory created successfully: artifacts/prepare_callbacks/checkpoint_dir]
[2025-01-29 12:38:08,603: INFO: common: Directory created successfully: artifacts/prepare_callbacks/tensorboard_log_dir]
[2025-01-29 12:38:08,603: INFO: common: Directory created successfully: artifacts/training]
[2025-01-29 12:38:08,732: WARNING: saving_utils: Compiled the loaded model, but the compiled metrics have yet to be built. `model.compile_metrics` will be empty until you train or evaluate the model.]
[2025-01-29 12:40:31,506: INFO: common: YAML file loaded successfully: config/config.yaml]
[2025-01-29 12:40:31,509: INFO: common: YAML file loaded successfully: params.yaml]
[2025-01-29 12:40:31,510: INFO: common: Directory created successfully: artifacts]
[2025-01-29 12:40:31,510: INFO: common: Directory created successfully: artifacts/prepare_callbacks/checkpoint_dir]
[2025-01-29 12:40:31,511: INFO: common: Directory created successfully: artifacts/prepare_callbacks/tensorboard_log_dir]
[2025-01-29 12:41:24,680: INFO: common: YAML file loaded successfully: config/config.yaml]
[2025-01-29 12:41:24,682: INFO: common: YAML file loaded successfully: params.yaml]
[2025-01-29 12:41:24,682: INFO: common: Directory created successfully: artifacts]
[2025-01-29 12:41:24,682: INFO: common: Directory created successfully: artifacts/prepare_callbacks/checkpoint_dir]
[2025-01-29 12:41:24,683: INFO: common: Directory created successfully: artifacts/prepare_callbacks/tensorboard_log_dir]
[2025-01-29 12:41:24,683: INFO: common: Directory created successfully: artifacts/training]
[2025-01-29 12:41:24,808: WARNING: saving_utils: Compiled the loaded model, but the compiled metrics have yet to be built. `model.compile_metrics` will be empty until you train or evaluate the model.]
[2025-01-29 12:51:06,238: INFO: common: YAML file loaded successfully: config/config.yaml]
[2025-01-29 12:51:06,240: INFO: common: YAML file loaded successfully: params.yaml]
[2025-01-29 12:51:06,240: INFO: common: Directory created successfully: artifacts]
[2025-01-29 12:51:06,241: INFO: common: Directory created successfully: artifacts/prepare_callbacks/checkpoint_dir]
[2025-01-29 12:51:06,241: INFO: common: Directory created successfully: artifacts/prepare_callbacks/tensorboard_log_dir]
[2025-01-29 12:51:06,242: INFO: common: Directory created successfully: artifacts/training]
[2025-01-29 12:51:06,370: WARNING: saving_utils: Compiled the loaded model, but the compiled metrics have yet to be built. `model.compile_metrics` will be empty until you train or evaluate the model.]
[2025-01-29 13:18:20,955: INFO: common: YAML file loaded successfully: config/config.yaml]
[2025-01-29 13:18:20,957: INFO: common: YAML file loaded successfully: params.yaml]
[2025-01-29 13:18:20,958: INFO: common: Directory created successfully: artifacts]
[2025-01-29 13:18:20,958: INFO: common: Directory created successfully: artifacts/prepare_callbacks/checkpoint_dir]
[2025-01-29 13:18:20,958: INFO: common: Directory created successfully: artifacts/prepare_callbacks/tensorboard_log_dir]
[2025-01-29 13:18:20,959: INFO: common: Directory created successfully: artifacts/training]
[2025-01-29 13:18:21,096: WARNING: saving_utils: Compiled the loaded model, but the compiled metrics have yet to be built. `model.compile_metrics` will be empty until you train or evaluate the model.]
[2025-01-29 13:23:06,403: INFO: common: YAML file loaded successfully: config/config.yaml]
[2025-01-29 13:23:06,405: INFO: common: YAML file loaded successfully: params.yaml]
[2025-01-29 13:23:06,406: INFO: common: Directory created successfully: artifacts]
[2025-01-29 13:23:06,406: INFO: common: Directory created successfully: artifacts/prepare_callbacks/checkpoint_dir]
[2025-01-29 13:23:06,407: INFO: common: Directory created successfully: artifacts/prepare_callbacks/tensorboard_log_dir]
[2025-01-29 13:23:06,407: INFO: common: Directory created successfully: artifacts/training]
[2025-01-29 13:23:06,553: WARNING: saving_utils: Compiled the loaded model, but the compiled metrics have yet to be built. `model.compile_metrics` will be empty until you train or evaluate the model.]
[2025-01-29 13:24:23,138: INFO: common: YAML file loaded successfully: config/config.yaml]
[2025-01-29 13:24:23,140: INFO: common: YAML file loaded successfully: params.yaml]
[2025-01-29 13:24:23,140: INFO: common: Directory created successfully: artifacts]
[2025-01-29 13:24:23,141: INFO: common: Directory created successfully: artifacts/prepare_callbacks/checkpoint_dir]
[2025-01-29 13:24:23,141: INFO: common: Directory created successfully: artifacts/prepare_callbacks/tensorboard_log_dir]
[2025-01-29 13:24:23,142: INFO: common: Directory created successfully: artifacts/training]
[2025-01-29 13:24:23,272: WARNING: saving_utils: Compiled the loaded model, but the compiled metrics have yet to be built. `model.compile_metrics` will be empty until you train or evaluate the model.]
[2025-01-29 14:00:24,192: INFO: common: YAML file loaded successfully: config/config.yaml]
[2025-01-29 14:00:24,194: INFO: common: YAML file loaded successfully: params.yaml]
[2025-01-29 14:00:24,194: INFO: common: Directory created successfully: artifacts]
[2025-01-29 14:00:24,195: INFO: common: Directory created successfully: artifacts/prepare_callbacks/checkpoint_dir]
[2025-01-29 14:00:24,195: INFO: common: Directory created successfully: artifacts/prepare_callbacks/tensorboard_log_dir]
[2025-01-29 14:00:24,195: INFO: common: Directory created successfully: artifacts/training]
[2025-01-29 14:00:24,334: WARNING: saving_utils: Compiled the loaded model, but the compiled metrics have yet to be built. `model.compile_metrics` will be empty until you train or evaluate the model.]
[2025-01-29 14:02:43,636: INFO: common: YAML file loaded successfully: config/config.yaml]
[2025-01-29 14:02:43,639: INFO: common: YAML file loaded successfully: params.yaml]
[2025-01-29 14:02:43,639: INFO: common: Directory created successfully: artifacts]
[2025-01-29 14:02:43,640: INFO: common: Directory created successfully: artifacts/prepare_callbacks/checkpoint_dir]
[2025-01-29 14:02:43,640: INFO: common: Directory created successfully: artifacts/prepare_callbacks/tensorboard_log_dir]
[2025-01-29 14:02:43,641: INFO: common: Directory created successfully: artifacts/training]
[2025-01-29 14:02:43,773: WARNING: saving_utils: Compiled the loaded model, but the compiled metrics have yet to be built. `model.compile_metrics` will be empty until you train or evaluate the model.]
[2025-01-29 14:07:47,339: INFO: common: YAML file loaded successfully: config/config.yaml]
[2025-01-29 14:07:47,340: INFO: common: YAML file loaded successfully: params.yaml]
[2025-01-29 14:07:47,341: INFO: common: Directory created successfully: artifacts]
[2025-01-29 14:07:47,341: INFO: common: Directory created successfully: artifacts/prepare_callbacks/checkpoint_dir]
[2025-01-29 14:07:47,342: INFO: common: Directory created successfully: artifacts/prepare_callbacks/tensorboard_log_dir]
[2025-01-29 14:07:47,342: INFO: common: Directory created successfully: artifacts/training]
[2025-01-29 14:07:47,497: WARNING: saving_utils: Compiled the loaded model, but the compiled metrics have yet to be built. `model.compile_metrics` will be empty until you train or evaluate the model.]
[2025-01-29 14:09:47,880: INFO: common: YAML file loaded successfully: config/config.yaml]
[2025-01-29 14:09:47,882: INFO: common: YAML file loaded successfully: params.yaml]
[2025-01-29 14:09:47,883: INFO: common: Directory created successfully: artifacts]
[2025-01-29 14:09:47,883: INFO: common: Directory created successfully: artifacts/prepare_callbacks/checkpoint_dir]
[2025-01-29 14:09:47,883: INFO: common: Directory created successfully: artifacts/prepare_callbacks/tensorboard_log_dir]
[2025-01-29 14:09:47,884: INFO: common: Directory created successfully: artifacts/training]
[2025-01-29 14:09:48,009: WARNING: saving_utils: Compiled the loaded model, but the compiled metrics have yet to be built. `model.compile_metrics` will be empty until you train or evaluate the model.]
[2025-01-29 14:12:14,788: INFO: common: YAML file loaded successfully: config/config.yaml]
[2025-01-29 14:12:14,790: INFO: common: YAML file loaded successfully: params.yaml]
[2025-01-29 14:12:14,790: INFO: common: Directory created successfully: artifacts]
[2025-01-29 14:12:14,791: INFO: common: Directory created successfully: artifacts/prepare_callbacks/checkpoint_dir]
[2025-01-29 14:12:14,791: INFO: common: Directory created successfully: artifacts/prepare_callbacks/tensorboard_log_dir]
[2025-01-29 14:12:14,792: INFO: common: Directory created successfully: artifacts/training]
[2025-01-29 14:12:14,933: WARNING: saving_utils: Compiled the loaded model, but the compiled metrics have yet to be built. `model.compile_metrics` will be empty until you train or evaluate the model.]
[2025-01-29 14:16:38,133: INFO: common: YAML file loaded successfully: config/config.yaml]
[2025-01-29 14:16:38,134: INFO: common: YAML file loaded successfully: params.yaml]
[2025-01-29 14:16:38,135: INFO: common: Directory created successfully: artifacts]
[2025-01-29 14:16:38,136: INFO: common: Directory created successfully: artifacts/prepare_callbacks/checkpoint_dir]
[2025-01-29 14:16:38,136: INFO: common: Directory created successfully: artifacts/prepare_callbacks/tensorboard_log_dir]
[2025-01-29 14:16:38,137: INFO: common: Directory created successfully: artifacts/training]
[2025-01-29 14:16:38,268: WARNING: saving_utils: Compiled the loaded model, but the compiled metrics have yet to be built. `model.compile_metrics` will be empty until you train or evaluate the model.]
